<?xml version="1.0" encoding="UTF-8"?>
<testsuite xmlns:xsi="http://www.w3.org/2001/XMLSchema-instance" xsi:noNamespaceSchemaLocation="https://maven.apache.org/surefire/maven-surefire-plugin/xsd/surefire-test-report-3.0.xsd" version="3.0" name="testesPetSore.PetStoreTest" time="28.613" tests="28" errors="0" skipped="0" failures="0">
  <properties>
[...]
</properties>
  <testcase name="cadastrarListaDeUsuarios" classname="testesPetSore.PetStoreTest" time="5.247"/>
  <testcase name="cadastrarPetSnoopy" classname="testesPetSore.PetStoreTest" time="0.884"/>
  <testcase name="cadastrarPetBichento" classname="testesPetSore.PetStoreTest" time="0.868"/>
  <testcase name="cadastrarPetPerry" classname="testesPetSore.PetStoreTest" time="0.863"/>
  <testcase name="criarOrdemVendaBichento_Deliverd" classname="testesPetSore.PetStoreTest" time="0.868"/>
  <testcase name="criarOrdemVendaSnoopy_Approved" classname="testesPetSore.PetStoreTest" time="0.94"/>
  <testcase name="criarOrdemVendaPerry_Approved" classname="testesPetSore.PetStoreTest" time="0.885"/>
  <testcase name="atualizarStatusPetBichento_PosVenda" classname="testesPetSore.PetStoreTest" time="0.928"/>
  <testcase name="atualizarStatusPetSnoopy_PosVenda" classname="testesPetSore.PetStoreTest" time="0.923"/>
  <testcase name="atualizarStatusPetPerry_PosVenda" classname="testesPetSore.PetStoreTest" time="0.892"/>
  <testcase name="consultarOrdemDeVenda_Snoopy" classname="testesPetSore.PetStoreTest" time="0.836"/>
  <testcase name="consultarOrdemDeVenda_Bichento" classname="testesPetSore.PetStoreTest" time="0.866"/>
  <testcase name="consultarOrdemDeVenda_Perry" classname="testesPetSore.PetStoreTest" time="0.864"/>
  <testcase name="criarUsuario" classname="testesPetSore.PetStoreTest" time="0.834"/>
  <testcase name="consultarUsuario" classname="testesPetSore.PetStoreTest" time="0.847"/>
  <testcase name="testDeletarUsuarioInexistente" classname="testesPetSore.PetStoreTest" time="0.856"/>
  <testcase name="consultarOrdemDeVenda_Inexistente" classname="testesPetSore.PetStoreTest" time="0.859"/>
  <testcase name="testDeletarUsuario_Cadastrado" classname="testesPetSore.PetStoreTest" time="0.842"/>
  <testcase name="cadastrarPetScadufax" classname="testesPetSore.PetStoreTest" time="0.827"/>
  <testcase name="testDeletarOrdemDeVenda_Existente" classname="testesPetSore.PetStoreTest" time="0.855"/>
  <testcase name="testDeletarPet_Inexistente" classname="testesPetSore.PetStoreTest" time="0.844"/>
  <testcase name="testDeletarPet_Cadastrado" classname="testesPetSore.PetStoreTest" time="0.832"/>
  <testcase name="consultarStoreInventory" classname="testesPetSore.PetStoreTest" time="0.811"/>
  <testcase name="loginUsuario" classname="testesPetSore.PetStoreTest" time="0.884"/>
  <testcase name="logoutUsuario" classname="testesPetSore.PetStoreTest" time="0.845"/>
  <testcase name="consultaPetPorStatus_Available" classname="testesPetSore.PetStoreTest" time="0.86"/>
  <testcase name="consultaPetPorStatus_Sold" classname="testesPetSore.PetStoreTest" time="0.84"/>
  <testcase name="consultaPetPorStatus_Pending" classname="testesPetSore.PetStoreTest" time="0.856"/>
</testsuite>